<?xml version="1.0" encoding="UTF-8"?>
<!-- Generated by org.testng.reporters.JUnitReportReporter -->
<testsuite skipped="0" hostname="DESKTOP-GS0RBFE" name="com.class12.Task1" tests="1" failures="0" timestamp="02 Jun 2019 18:38:32 GMT" time="6.436" errors="0">
  <testcase name="readFile" time="6.436" classname="com.class12.Task1"/>
</testsuite> <!-- com.class12.Task1 -->
