<?xml version="1.0" encoding="UTF-8"?>
<!-- Generated by org.testng.reporters.JUnitReportReporter -->
<testsuite skipped="0" hostname="DESKTOP-GS0RBFE" name="com.class12.BrokenLinksDemo" tests="1" failures="0" timestamp="02 Jun 2019 16:55:53 GMT" time="9.191" errors="0">
  <testcase name="brokenLinksVerification" time="9.191" classname="com.class12.BrokenLinksDemo"/>
</testsuite> <!-- com.class12.BrokenLinksDemo -->
