<?xml version="1.0" encoding="UTF-8"?>
<!-- Generated by org.testng.reporters.JUnitReportReporter -->
<testsuite skipped="0" hostname="DESKTOP-GS0RBFE" name="com.class12.ReadingPropertyFile" tests="1" failures="0" timestamp="02 Jun 2019 17:50:23 GMT" time="4.366" errors="0">
  <testcase name="readFile" time="4.366" classname="com.class12.ReadingPropertyFile"/>
</testsuite> <!-- com.class12.ReadingPropertyFile -->
